This file contains any messages produced by compilers while
running configure, to aid debugging if configure makes a mistake.

It was created by GNU nano configure 2.4.2, which was
generated by GNU Autoconf 2.69.  Invocation command line was

  $ ./configure 

## --------- ##
## Platform. ##
## --------- ##

hostname = 01a2f8a29ebc
uname -m = x86_64
uname -r = 5.3.0-1032-aws
uname -s = Linux
uname -v = #34~18.04.2-Ubuntu SMP Fri Jul 24 10:06:28 UTC 2020

/usr/bin/uname -p = x86_64
/bin/uname -X     = unknown

/bin/arch              = x86_64
/usr/bin/arch -k       = unknown
/usr/convex/getsysinfo = unknown
/usr/bin/hostinfo      = unknown
/bin/machine           = unknown
/usr/bin/oslevel       = unknown
/bin/universe          = unknown

PATH: /usr/local/sbin
PATH: /usr/local/bin
PATH: /usr/sbin
PATH: /usr/bin
PATH: /sbin
PATH: /bin


## ----------- ##
## Core tests. ##
## ----------- ##

configure:2313: checking build system type
configure:2327: result: x86_64-unknown-linux-gnu
configure:2347: checking host system type
configure:2360: result: x86_64-unknown-linux-gnu
configure:2396: checking for a BSD-compatible install
configure:2464: result: /usr/bin/install -c
configure:2475: checking whether build environment is sane
configure:2530: result: yes
configure:2679: checking for a thread-safe mkdir -p
configure:2718: result: /usr/bin/mkdir -p
configure:2725: checking for gawk
configure:2755: result: no
configure:2725: checking for mawk
configure:2741: found /usr/bin/mawk
configure:2752: result: mawk
configure:2763: checking whether make sets $(MAKE)
configure:2785: result: yes
configure:2814: checking whether make supports nested variables
configure:2831: result: yes
configure:2975: checking for style of include used by make
configure:3003: result: GNU
configure:3074: checking for gcc
configure:3090: found /usr/bin/gcc
configure:3101: result: gcc
configure:3330: checking for C compiler version
configure:3339: gcc --version >&5
gcc (Ubuntu 9.4.0-1ubuntu1~20.04.1) 9.4.0
Copyright (C) 2019 Free Software Foundation, Inc.
This is free software; see the source for copying conditions.  There is NO
warranty; not even for MERCHANTABILITY or FITNESS FOR A PARTICULAR PURPOSE.

configure:3350: $? = 0
configure:3339: gcc -v >&5
Using built-in specs.
COLLECT_GCC=gcc
COLLECT_LTO_WRAPPER=/usr/lib/gcc/x86_64-linux-gnu/9/lto-wrapper
OFFLOAD_TARGET_NAMES=nvptx-none:hsa
OFFLOAD_TARGET_DEFAULT=1
Target: x86_64-linux-gnu
Configured with: ../src/configure -v --with-pkgversion='Ubuntu 9.4.0-1ubuntu1~20.04.1' --with-bugurl=file:///usr/share/doc/gcc-9/README.Bugs --enable-languages=c,ada,c++,go,brig,d,fortran,objc,obj-c++,gm2 --prefix=/usr --with-gcc-major-version-only --program-suffix=-9 --program-prefix=x86_64-linux-gnu- --enable-shared --enable-linker-build-id --libexecdir=/usr/lib --without-included-gettext --enable-threads=posix --libdir=/usr/lib --enable-nls --enable-clocale=gnu --enable-libstdcxx-debug --enable-libstdcxx-time=yes --with-default-libstdcxx-abi=new --enable-gnu-unique-object --disable-vtable-verify --enable-plugin --enable-default-pie --with-system-zlib --with-target-system-zlib=auto --enable-objc-gc=auto --enable-multiarch --disable-werror --with-arch-32=i686 --with-abi=m64 --with-multilib-list=m32,m64,mx32 --enable-multilib --with-tune=generic --enable-offload-targets=nvptx-none=/build/gcc-9-Av3uEd/gcc-9-9.4.0/debian/tmp-nvptx/usr,hsa --without-cuda-driver --enable-checking=release --build=x86_64-linux-gnu --host=x86_64-linux-gnu --target=x86_64-linux-gnu
Thread model: posix
gcc version 9.4.0 (Ubuntu 9.4.0-1ubuntu1~20.04.1) 
configure:3350: $? = 0
configure:3339: gcc -V >&5
gcc: error: unrecognized command line option '-V'
gcc: fatal error: no input files
compilation terminated.
configure:3350: $? = 1
configure:3339: gcc -qversion >&5
gcc: error: unrecognized command line option '-qversion'; did you mean '--version'?
gcc: fatal error: no input files
compilation terminated.
configure:3350: $? = 1
configure:3370: checking whether the C compiler works
configure:3392: gcc    conftest.c  >&5
configure:3396: $? = 0
configure:3444: result: yes
configure:3447: checking for C compiler default output file name
configure:3449: result: a.out
configure:3455: checking for suffix of executables
configure:3462: gcc -o conftest    conftest.c  >&5
configure:3466: $? = 0
configure:3488: result: 
configure:3510: checking whether we are cross compiling
configure:3518: gcc -o conftest    conftest.c  >&5
configure:3522: $? = 0
configure:3529: ./conftest
configure:3533: $? = 0
configure:3521: result: no
configure:3526: checking for suffix of object files
configure:3548: gcc -c   conftest.c >&5
configure:3552: $? = 0
configure:3573: result: o
configure:3577: checking whether we are using the GNU C compiler
configure:3596: gcc -c   conftest.c >&5
configure:3596: $? = 0
configure:3605: result: yes
configure:3614: checking whether gcc accepts -g
configure:3634: gcc -c -g  conftest.c >&5
configure:3634: $? = 0
configure:3675: result: yes
configure:3692: checking for gcc option to accept ISO C89
configure:3755: gcc  -c -g -O2  conftest.c >&5
configure:3755: $? = 0
configure:3768: result: none needed
configure:3793: checking whether gcc understands -c and -o together
configure:3815: gcc -c conftest.c -o conftest2.o
configure:3818: $? = 0
configure:3815: gcc -c conftest.c -o conftest2.o
configure:3818: $? = 0
configure:3830: result: yes
configure:3849: checking dependency style of gcc
configure:3960: result: gcc3
configure:3981: checking how to run the C preprocessor
configure:4012: gcc -E  conftest.c
configure:4012: $? = 0
configure:4026: gcc -E  conftest.c
conftest.c:11:10: fatal error: ac_nonexistent.h: No such file or directory
   11 | #include <ac_nonexistent.h>
      |          ^~~~~~~~~~~~~~~~~~
compilation terminated.
configure:4026: $? = 1
configure: failed program was:
| /* confdefs.h */
| #define PACKAGE_NAME "GNU nano"
| #define PACKAGE_TARNAME "nano"
| #define PACKAGE_VERSION "2.4.2"
| #define PACKAGE_STRING "GNU nano 2.4.2"
| #define PACKAGE_BUGREPORT "nano-devel@gnu.org"
| #define PACKAGE_URL "http://www.gnu.org/software/nano/"
| #define PACKAGE "nano"
| #define VERSION "2.4.2"
| /* end confdefs.h.  */
| #include <ac_nonexistent.h>
configure:4051: result: gcc -E
configure:4071: gcc -E  conftest.c
configure:4071: $? = 0
configure:4085: gcc -E  conftest.c
conftest.c:11:10: fatal error: ac_nonexistent.h: No such file or directory
   11 | #include <ac_nonexistent.h>
      |          ^~~~~~~~~~~~~~~~~~
compilation terminated.
configure:4085: $? = 1
configure: failed program was:
| /* confdefs.h */
| #define PACKAGE_NAME "GNU nano"
| #define PACKAGE_TARNAME "nano"
| #define PACKAGE_VERSION "2.4.2"
| #define PACKAGE_STRING "GNU nano 2.4.2"
| #define PACKAGE_BUGREPORT "nano-devel@gnu.org"
| #define PACKAGE_URL "http://www.gnu.org/software/nano/"
| #define PACKAGE "nano"
| #define VERSION "2.4.2"
| /* end confdefs.h.  */
| #include <ac_nonexistent.h>
configure:4114: checking for grep that handles long lines and -e
configure:4172: result: /usr/bin/grep
configure:4177: checking for egrep
configure:4239: result: /usr/bin/grep -E
configure:4244: checking for ANSI C header files
configure:4264: gcc -c -g -O2  conftest.c >&5
configure:4264: $? = 0
configure:4337: gcc -o conftest -g -O2   conftest.c  >&5
configure:4337: $? = 0
configure:4337: ./conftest
configure:4337: $? = 0
configure:4348: result: yes
configure:4361: checking for sys/types.h
configure:4361: gcc -c -g -O2  conftest.c >&5
configure:4361: $? = 0
configure:4361: result: yes
configure:4361: checking for sys/stat.h
configure:4361: gcc -c -g -O2  conftest.c >&5
configure:4361: $? = 0
configure:4361: result: yes
configure:4361: checking for stdlib.h
configure:4361: gcc -c -g -O2  conftest.c >&5
configure:4361: $? = 0
configure:4361: result: yes
configure:4361: checking for string.h
configure:4361: gcc -c -g -O2  conftest.c >&5
configure:4361: $? = 0
configure:4361: result: yes
configure:4361: checking for memory.h
configure:4361: gcc -c -g -O2  conftest.c >&5
configure:4361: $? = 0
configure:4361: result: yes
configure:4361: checking for strings.h
configure:4361: gcc -c -g -O2  conftest.c >&5
configure:4361: $? = 0
configure:4361: result: yes
configure:4361: checking for inttypes.h
configure:4361: gcc -c -g -O2  conftest.c >&5
configure:4361: $? = 0
configure:4361: result: yes
configure:4361: checking for stdint.h
configure:4361: gcc -c -g -O2  conftest.c >&5
configure:4361: $? = 0
configure:4361: result: yes
configure:4361: checking for unistd.h
configure:4361: gcc -c -g -O2  conftest.c >&5
configure:4361: $? = 0
configure:4361: result: yes
configure:4374: checking minix/config.h usability
configure:4374: gcc -c -g -O2  conftest.c >&5
conftest.c:54:10: fatal error: minix/config.h: No such file or directory
   54 | #include <minix/config.h>
      |          ^~~~~~~~~~~~~~~~
compilation terminated.
configure:4374: $? = 1
configure: failed program was:
| /* confdefs.h */
| #define PACKAGE_NAME "GNU nano"
| #define PACKAGE_TARNAME "nano"
| #define PACKAGE_VERSION "2.4.2"
| #define PACKAGE_STRING "GNU nano 2.4.2"
| #define PACKAGE_BUGREPORT "nano-devel@gnu.org"
| #define PACKAGE_URL "http://www.gnu.org/software/nano/"
| #define PACKAGE "nano"
| #define VERSION "2.4.2"
| #define STDC_HEADERS 1
| #define HAVE_SYS_TYPES_H 1
| #define HAVE_SYS_STAT_H 1
| #define HAVE_STDLIB_H 1
| #define HAVE_STRING_H 1
| #define HAVE_MEMORY_H 1
| #define HAVE_STRINGS_H 1
| #define HAVE_INTTYPES_H 1
| #define HAVE_STDINT_H 1
| #define HAVE_UNISTD_H 1
| /* end confdefs.h.  */
| #include <stdio.h>
| #ifdef HAVE_SYS_TYPES_H
| # include <sys/types.h>
| #endif
| #ifdef HAVE_SYS_STAT_H
| # include <sys/stat.h>
| #endif
| #ifdef STDC_HEADERS
| # include <stdlib.h>
| # include <stddef.h>
| #else
| # ifdef HAVE_STDLIB_H
| #  include <stdlib.h>
| # endif
| #endif
| #ifdef HAVE_STRING_H
| # if !defined STDC_HEADERS && defined HAVE_MEMORY_H
| #  include <memory.h>
| # endif
| # include <string.h>
| #endif
| #ifdef HAVE_STRINGS_H
| # include <strings.h>
| #endif
| #ifdef HAVE_INTTYPES_H
| # include <inttypes.h>
| #endif
| #ifdef HAVE_STDINT_H
| # include <stdint.h>
| #endif
| #ifdef HAVE_UNISTD_H
| # include <unistd.h>
| #endif
| #include <minix/config.h>
configure:4374: result: no
configure:4374: checking minix/config.h presence
configure:4374: gcc -E  conftest.c
conftest.c:21:10: fatal error: minix/config.h: No such file or directory
   21 | #include <minix/config.h>
      |          ^~~~~~~~~~~~~~~~
compilation terminated.
configure:4374: $? = 1
configure: failed program was:
| /* confdefs.h */
| #define PACKAGE_NAME "GNU nano"
| #define PACKAGE_TARNAME "nano"
| #define PACKAGE_VERSION "2.4.2"
| #define PACKAGE_STRING "GNU nano 2.4.2"
| #define PACKAGE_BUGREPORT "nano-devel@gnu.org"
| #define PACKAGE_URL "http://www.gnu.org/software/nano/"
| #define PACKAGE "nano"
| #define VERSION "2.4.2"
| #define STDC_HEADERS 1
| #define HAVE_SYS_TYPES_H 1
| #define HAVE_SYS_STAT_H 1
| #define HAVE_STDLIB_H 1
| #define HAVE_STRING_H 1
| #define HAVE_MEMORY_H 1
| #define HAVE_STRINGS_H 1
| #define HAVE_INTTYPES_H 1
| #define HAVE_STDINT_H 1
| #define HAVE_UNISTD_H 1
| /* end confdefs.h.  */
| #include <minix/config.h>
configure:4374: result: no
configure:4374: checking for minix/config.h
configure:4374: result: no
configure:4395: checking whether it is safe to define __EXTENSIONS__
configure:4413: gcc -c -g -O2  conftest.c >&5
configure:4413: $? = 0
configure:4420: result: yes
configure:4483: checking for gcc
configure:4510: result: gcc
configure:4739: checking for C compiler version
configure:4748: gcc --version >&5
gcc (Ubuntu 9.4.0-1ubuntu1~20.04.1) 9.4.0
Copyright (C) 2019 Free Software Foundation, Inc.
This is free software; see the source for copying conditions.  There is NO
warranty; not even for MERCHANTABILITY or FITNESS FOR A PARTICULAR PURPOSE.

configure:4759: $? = 0
configure:4748: gcc -v >&5
Using built-in specs.
COLLECT_GCC=gcc
COLLECT_LTO_WRAPPER=/usr/lib/gcc/x86_64-linux-gnu/9/lto-wrapper
OFFLOAD_TARGET_NAMES=nvptx-none:hsa
OFFLOAD_TARGET_DEFAULT=1
Target: x86_64-linux-gnu
Configured with: ../src/configure -v --with-pkgversion='Ubuntu 9.4.0-1ubuntu1~20.04.1' --with-bugurl=file:///usr/share/doc/gcc-9/README.Bugs --enable-languages=c,ada,c++,go,brig,d,fortran,objc,obj-c++,gm2 --prefix=/usr --with-gcc-major-version-only --program-suffix=-9 --program-prefix=x86_64-linux-gnu- --enable-shared --enable-linker-build-id --libexecdir=/usr/lib --without-included-gettext --enable-threads=posix --libdir=/usr/lib --enable-nls --enable-clocale=gnu --enable-libstdcxx-debug --enable-libstdcxx-time=yes --with-default-libstdcxx-abi=new --enable-gnu-unique-object --disable-vtable-verify --enable-plugin --enable-default-pie --with-system-zlib --with-target-system-zlib=auto --enable-objc-gc=auto --enable-multiarch --disable-werror --with-arch-32=i686 --with-abi=m64 --with-multilib-list=m32,m64,mx32 --enable-multilib --with-tune=generic --enable-offload-targets=nvptx-none=/build/gcc-9-Av3uEd/gcc-9-9.4.0/debian/tmp-nvptx/usr,hsa --without-cuda-driver --enable-checking=release --build=x86_64-linux-gnu --host=x86_64-linux-gnu --target=x86_64-linux-gnu
Thread model: posix
gcc version 9.4.0 (Ubuntu 9.4.0-1ubuntu1~20.04.1) 
configure:4759: $? = 0
configure:4748: gcc -V >&5
gcc: error: unrecognized command line option '-V'
gcc: fatal error: no input files
compilation terminated.
configure:4759: $? = 1
configure:4748: gcc -qversion >&5
gcc: error: unrecognized command line option '-qversion'; did you mean '--version'?
gcc: fatal error: no input files
compilation terminated.
configure:4759: $? = 1
configure:4763: checking whether we are using the GNU C compiler
configure:4791: result: yes
configure:4800: checking whether gcc accepts -g
configure:4861: result: yes
configure:4878: checking for gcc option to accept ISO C89
configure:4954: result: none needed
configure:4979: checking whether gcc understands -c and -o together
configure:5016: result: yes
configure:5035: checking dependency style of gcc
configure:5146: result: gcc3
configure:5161: checking whether ln -s works
configure:5165: result: yes
configure:5173: checking for strerror in -lcposix
configure:5198: gcc -o conftest -g -O2   conftest.c -lcposix   >&5
/usr/bin/ld: cannot find -lcposix
collect2: error: ld returned 1 exit status
configure:5198: $? = 1
configure: failed program was:
| /* confdefs.h */
| #define PACKAGE_NAME "GNU nano"
| #define PACKAGE_TARNAME "nano"
| #define PACKAGE_VERSION "2.4.2"
| #define PACKAGE_STRING "GNU nano 2.4.2"
| #define PACKAGE_BUGREPORT "nano-devel@gnu.org"
| #define PACKAGE_URL "http://www.gnu.org/software/nano/"
| #define PACKAGE "nano"
| #define VERSION "2.4.2"
| #define STDC_HEADERS 1
| #define HAVE_SYS_TYPES_H 1
| #define HAVE_SYS_STAT_H 1
| #define HAVE_STDLIB_H 1
| #define HAVE_STRING_H 1
| #define HAVE_MEMORY_H 1
| #define HAVE_STRINGS_H 1
| #define HAVE_INTTYPES_H 1
| #define HAVE_STDINT_H 1
| #define HAVE_UNISTD_H 1
| #define __EXTENSIONS__ 1
| #define _ALL_SOURCE 1
| #define _GNU_SOURCE 1
| #define _POSIX_PTHREAD_SEMANTICS 1
| #define _TANDEM_SOURCE 1
| /* end confdefs.h.  */
| 
| /* Override any GCC internal prototype to avoid an error.
|    Use char because int might match the return type of a GCC
|    builtin and then its argument prototype would still apply.  */
| #ifdef __cplusplus
| extern "C"
| #endif
| char strerror ();
| int
| main ()
| {
| return strerror ();
|   ;
|   return 0;
| }
configure:5207: result: no
configure:5222: checking for special C compiler options needed for large files
configure:5267: result: no
configure:5273: checking for _FILE_OFFSET_BITS value needed for large files
configure:5298: gcc -c -g -O2  conftest.c >&5
configure:5298: $? = 0
configure:5330: result: no
configure:5469: checking for pkg-config
configure:5487: found /usr/bin/pkg-config
configure:5499: result: /usr/bin/pkg-config
configure:5524: checking pkg-config is at least version 0.9.0
configure:5527: result: yes
configure:5553: checking for msgfmt
configure:5584: result: no
configure:5590: checking for gmsgfmt
configure:5621: result: :
configure:5632: checking for xgettext
configure:5663: result: no
configure:5671: checking for msgmerge
configure:5701: result: no
configure:5760: checking for ld used by GCC
configure:5823: result: /usr/bin/ld
configure:5830: checking if the linker (/usr/bin/ld) is GNU ld
GNU ld (GNU Binutils for Ubuntu) 2.34
configure:5842: result: yes
configure:5848: checking for shared library run path origin
configure:5861: result: done
configure:6278: checking whether NLS is requested
configure:6287: result: yes
configure:6304: checking for GNU gettext in libc
configure:6323: gcc -o conftest -g -O2   conftest.c  >&5
conftest.c: In function 'main':
conftest.c:33:8: warning: cast from pointer to integer of different size [-Wpointer-to-int-cast]
   33 | return (int) gettext ("") + (int) ngettext ("", "", 0) + _nl_msg_cat_cntr + *_nl_domain_bindings
      |        ^
conftest.c:33:29: warning: cast from pointer to integer of different size [-Wpointer-to-int-cast]
   33 | return (int) gettext ("") + (int) ngettext ("", "", 0) + _nl_msg_cat_cntr + *_nl_domain_bindings
      |                             ^
configure:6323: $? = 0
configure:6331: result: yes
configure:6996: checking getopt.h usability
configure:6996: gcc -c -g -O2  conftest.c >&5
configure:6996: $? = 0
configure:6996: result: yes
configure:6996: checking getopt.h presence
configure:6996: gcc -E  conftest.c
configure:6996: $? = 0
configure:6996: result: yes
configure:6996: checking for getopt.h
configure:6996: result: yes
configure:6996: checking libintl.h usability
configure:6996: gcc -c -g -O2  conftest.c >&5
configure:6996: $? = 0
configure:6996: result: yes
configure:6996: checking libintl.h presence
configure:6996: gcc -E  conftest.c
configure:6996: $? = 0
configure:6996: result: yes
configure:6996: checking for libintl.h
configure:6996: result: yes
configure:6996: checking limits.h usability
configure:6996: gcc -c -g -O2  conftest.c >&5
configure:6996: $? = 0
configure:6996: result: yes
configure:6996: checking limits.h presence
configure:6996: gcc -E  conftest.c
configure:6996: $? = 0
configure:6996: result: yes
configure:6996: checking for limits.h
configure:6996: result: yes
configure:6996: checking regex.h usability
configure:6996: gcc -c -g -O2  conftest.c >&5
configure:6996: $? = 0
configure:6996: result: yes
configure:6996: checking regex.h presence
configure:6996: gcc -E  conftest.c
configure:6996: $? = 0
configure:6996: result: yes
configure:6996: checking for regex.h
configure:6996: result: yes
configure:6996: checking sys/param.h usability
configure:6996: gcc -c -g -O2  conftest.c >&5
configure:6996: $? = 0
configure:6996: result: yes
configure:6996: checking sys/param.h presence
configure:6996: gcc -E  conftest.c
configure:6996: $? = 0
configure:6996: result: yes
configure:6996: checking for sys/param.h
configure:6996: result: yes
configure:6996: checking wchar.h usability
configure:6996: gcc -c -g -O2  conftest.c >&5
configure:6996: $? = 0
configure:6996: result: yes
configure:6996: checking wchar.h presence
configure:6996: gcc -E  conftest.c
configure:6996: $? = 0
configure:6996: result: yes
configure:6996: checking for wchar.h
configure:6996: result: yes
configure:6996: checking wctype.h usability
configure:6996: gcc -c -g -O2  conftest.c >&5
configure:6996: $? = 0
configure:6996: result: yes
configure:6996: checking wctype.h presence
configure:6996: gcc -E  conftest.c
configure:6996: $? = 0
configure:6996: result: yes
configure:6996: checking for wctype.h
configure:6996: result: yes
configure:6996: checking stdarg.h usability
configure:6996: gcc -c -g -O2  conftest.c >&5
configure:6996: $? = 0
configure:6996: result: yes
configure:6996: checking stdarg.h presence
configure:6996: gcc -E  conftest.c
configure:6996: $? = 0
configure:6996: result: yes
configure:6996: checking for stdarg.h
configure:6996: result: yes
configure:7304: checking whether to enable UTF-8 support
configure:7311: result: auto
configure:7327: checking whether to use slang
configure:7718: result: no
configure:7728: checking for getdelim
configure:7728: gcc -o conftest -g -O2   conftest.c  >&5
configure:7728: $? = 0
configure:7728: result: yes
configure:7728: checking for getline
configure:7728: gcc -o conftest -g -O2   conftest.c  >&5
configure:7728: $? = 0
configure:7728: result: yes
configure:7728: checking for isblank
configure:7728: gcc -o conftest -g -O2   conftest.c  >&5
conftest.c:64:6: warning: conflicting types for built-in function 'isblank'; expected 'int(int)' [-Wbuiltin-declaration-mismatch]
   64 | char isblank ();
      |      ^~~~~~~
conftest.c:52:1: note: 'isblank' is declared in header '<ctype.h>'
   51 | # include <limits.h>
   52 | #else
configure:7728: $? = 0
configure:7728: result: yes
configure:7728: checking for strcasecmp
configure:7728: gcc -o conftest -g -O2   conftest.c  >&5
conftest.c:65:6: warning: conflicting types for built-in function 'strcasecmp'; expected 'int(const char *, const char *)' [-Wbuiltin-declaration-mismatch]
   65 | char strcasecmp ();
      |      ^~~~~~~~~~
configure:7728: $? = 0
configure:7728: result: yes
configure:7728: checking for strcasestr
configure:7728: gcc -o conftest -g -O2   conftest.c  >&5
configure:7728: $? = 0
configure:7728: result: yes
configure:7728: checking for strncasecmp
configure:7728: gcc -o conftest -g -O2   conftest.c  >&5
conftest.c:67:6: warning: conflicting types for built-in function 'strncasecmp'; expected 'int(const char *, const char *, long unsigned int)' [-Wbuiltin-declaration-mismatch]
   67 | char strncasecmp ();
      |      ^~~~~~~~~~~
configure:7728: $? = 0
configure:7728: result: yes
configure:7728: checking for strnlen
configure:7728: gcc -o conftest -g -O2   conftest.c  >&5
conftest.c:68:6: warning: conflicting types for built-in function 'strnlen'; expected 'long unsigned int(const char *, long unsigned int)' [-Wbuiltin-declaration-mismatch]
   68 | char strnlen ();
      |      ^~~~~~~
configure:7728: $? = 0
configure:7728: result: yes
configure:7728: checking for snprintf
configure:7728: gcc -o conftest -g -O2   conftest.c  >&5
conftest.c:69:6: warning: conflicting types for built-in function 'snprintf'; expected 'int(char *, long unsigned int,  const char *, ...)' [-Wbuiltin-declaration-mismatch]
   69 | char snprintf ();
      |      ^~~~~~~~
conftest.c:57:1: note: 'snprintf' is declared in header '<stdio.h>'
   56 | # include <limits.h>
   57 | #else
configure:7728: $? = 0
configure:7728: result: yes
configure:7728: checking for vsnprintf
configure:7728: gcc -o conftest -g -O2   conftest.c  >&5
conftest.c:70:6: warning: conflicting types for built-in function 'vsnprintf'; expected 'int(char *, long unsigned int,  const char *, __va_list_tag *)' [-Wbuiltin-declaration-mismatch]
   70 | char vsnprintf ();
      |      ^~~~~~~~~
conftest.c:58:1: note: 'vsnprintf' is declared in header '<stdio.h>'
   57 | # include <limits.h>
   58 | #else
configure:7728: $? = 0
configure:7728: result: yes
configure:7742: checking for iswalnum
configure:7742: gcc -o conftest -g -O2   conftest.c  >&5
conftest.c:71:6: warning: conflicting types for built-in function 'iswalnum'; expected 'int(unsigned int)' [-Wbuiltin-declaration-mismatch]
   71 | char iswalnum ();
      |      ^~~~~~~~
conftest.c:59:1: note: 'iswalnum' is declared in header '<wctype.h>'
   58 | # include <limits.h>
   59 | #else
configure:7742: $? = 0
configure:7742: result: yes
configure:7742: checking for iswblank
configure:7742: gcc -o conftest -g -O2   conftest.c  >&5
conftest.c:72:6: warning: conflicting types for built-in function 'iswblank'; expected 'int(unsigned int)' [-Wbuiltin-declaration-mismatch]
   72 | char iswblank ();
      |      ^~~~~~~~
conftest.c:60:1: note: 'iswblank' is declared in header '<wctype.h>'
   59 | # include <limits.h>
   60 | #else
configure:7742: $? = 0
configure:7742: result: yes
configure:7742: checking for iswpunct
configure:7742: gcc -o conftest -g -O2   conftest.c  >&5
conftest.c:73:6: warning: conflicting types for built-in function 'iswpunct'; expected 'int(unsigned int)' [-Wbuiltin-declaration-mismatch]
   73 | char iswpunct ();
      |      ^~~~~~~~
conftest.c:61:1: note: 'iswpunct' is declared in header '<wctype.h>'
   60 | # include <limits.h>
   61 | #else
configure:7742: $? = 0
configure:7742: result: yes
configure:7742: checking for iswspace
configure:7742: gcc -o conftest -g -O2   conftest.c  >&5
conftest.c:74:6: warning: conflicting types for built-in function 'iswspace'; expected 'int(unsigned int)' [-Wbuiltin-declaration-mismatch]
   74 | char iswspace ();
      |      ^~~~~~~~
conftest.c:62:1: note: 'iswspace' is declared in header '<wctype.h>'
   61 | # include <limits.h>
   62 | #else
configure:7742: $? = 0
configure:7742: result: yes
configure:7742: checking for nl_langinfo
configure:7742: gcc -o conftest -g -O2   conftest.c  >&5
configure:7742: $? = 0
configure:7742: result: yes
configure:7742: checking for mblen
configure:7742: gcc -o conftest -g -O2   conftest.c  >&5
configure:7742: $? = 0
configure:7742: result: yes
configure:7742: checking for mbstowcs
configure:7742: gcc -o conftest -g -O2   conftest.c  >&5
configure:7742: $? = 0
configure:7742: result: yes
configure:7742: checking for mbtowc
configure:7742: gcc -o conftest -g -O2   conftest.c  >&5
configure:7742: $? = 0
configure:7742: result: yes
configure:7742: checking for wctomb
configure:7742: gcc -o conftest -g -O2   conftest.c  >&5
configure:7742: $? = 0
configure:7742: result: yes
configure:7742: checking for wcwidth
configure:7742: gcc -o conftest -g -O2   conftest.c  >&5
configure:7742: $? = 0
configure:7742: result: yes
configure:8323: checking whether C compiler accepts -Wall
configure:8342: gcc -c -g -O2  -Wall  conftest.c >&5
configure:8342: $? = 0
configure:8350: result: yes
configure:8360: checking return type of signal handlers
configure:8378: gcc -c -g -O2 -Wall  conftest.c >&5
conftest.c: In function 'main':
conftest.c:64:10: error: void value not ignored as it ought to be
   64 | return *(signal (0, 0)) (0) == 1;
      |         ~^~~~~~~~~~~~~~~~~~
configure:8378: $? = 1
configure: failed program was:
| /* confdefs.h */
| #define PACKAGE_NAME "GNU nano"
| #define PACKAGE_TARNAME "nano"
| #define PACKAGE_VERSION "2.4.2"
| #define PACKAGE_STRING "GNU nano 2.4.2"
| #define PACKAGE_BUGREPORT "nano-devel@gnu.org"
| #define PACKAGE_URL "http://www.gnu.org/software/nano/"
| #define PACKAGE "nano"
| #define VERSION "2.4.2"
| #define STDC_HEADERS 1
| #define HAVE_SYS_TYPES_H 1
| #define HAVE_SYS_STAT_H 1
| #define HAVE_STDLIB_H 1
| #define HAVE_STRING_H 1
| #define HAVE_MEMORY_H 1
| #define HAVE_STRINGS_H 1
| #define HAVE_INTTYPES_H 1
| #define HAVE_STDINT_H 1
| #define HAVE_UNISTD_H 1
| #define __EXTENSIONS__ 1
| #define _ALL_SOURCE 1
| #define _GNU_SOURCE 1
| #define _POSIX_PTHREAD_SEMANTICS 1
| #define _TANDEM_SOURCE 1
| #define ENABLE_NLS 1
| #define HAVE_GETTEXT 1
| #define HAVE_DCGETTEXT 1
| #define PKGDATADIR "/usr/local/share/nano"
| #define HAVE_GETOPT_H 1
| #define HAVE_LIBINTL_H 1
| #define HAVE_LIMITS_H 1
| #define HAVE_REGEX_H 1
| #define HAVE_SYS_PARAM_H 1
| #define HAVE_WCHAR_H 1
| #define HAVE_WCTYPE_H 1
| #define HAVE_STDARG_H 1
| #define NDEBUG 1
| #define HAVE_GETDELIM 1
| #define HAVE_GETLINE 1
| #define HAVE_ISBLANK 1
| #define HAVE_STRCASECMP 1
| #define HAVE_STRCASESTR 1
| #define HAVE_STRNCASECMP 1
| #define HAVE_STRNLEN 1
| #define HAVE_SNPRINTF 1
| #define HAVE_VSNPRINTF 1
| #define HAVE_ISWALNUM 1
| #define HAVE_ISWBLANK 1
| #define HAVE_ISWPUNCT 1
| #define HAVE_ISWSPACE 1
| #define HAVE_NL_LANGINFO 1
| #define HAVE_MBLEN 1
| #define HAVE_MBSTOWCS 1
| #define HAVE_MBTOWC 1
| #define HAVE_WCTOMB 1
| #define HAVE_WCWIDTH 1
| /* end confdefs.h.  */
| #include <sys/types.h>
| #include <signal.h>
| 
| int
| main ()
| {
| return *(signal (0, 0)) (0) == 1;
|   ;
|   return 0;
| }
configure:8385: result: void
configure:8395: checking for vprintf
configure:8395: gcc -o conftest -g -O2 -Wall   conftest.c  >&5
conftest.c:82:6: warning: conflicting types for built-in function 'vprintf'; expected 'int(const char *, __va_list_tag *)' [-Wbuiltin-declaration-mismatch]
   82 | char vprintf ();
      |      ^~~~~~~
conftest.c:70:1: note: 'vprintf' is declared in header '<stdio.h>'
   69 | # include <limits.h>
   70 | #else
configure:8395: $? = 0
configure:8395: result: yes
configure:8401: checking for _doprnt
configure:8401: gcc -o conftest -g -O2 -Wall   conftest.c  >&5
/usr/bin/ld: /tmp/ccNKbt1S.o: in function `main':
/alx-zero_day/nano-2.4.2/conftest.c:94: undefined reference to `_doprnt'
collect2: error: ld returned 1 exit status
configure:8401: $? = 1
configure: failed program was:
| /* confdefs.h */
| #define PACKAGE_NAME "GNU nano"
| #define PACKAGE_TARNAME "nano"
| #define PACKAGE_VERSION "2.4.2"
| #define PACKAGE_STRING "GNU nano 2.4.2"
| #define PACKAGE_BUGREPORT "nano-devel@gnu.org"
| #define PACKAGE_URL "http://www.gnu.org/software/nano/"
| #define PACKAGE "nano"
| #define VERSION "2.4.2"
| #define STDC_HEADERS 1
| #define HAVE_SYS_TYPES_H 1
| #define HAVE_SYS_STAT_H 1
| #define HAVE_STDLIB_H 1
| #define HAVE_STRING_H 1
| #define HAVE_MEMORY_H 1
| #define HAVE_STRINGS_H 1
| #define HAVE_INTTYPES_H 1
| #define HAVE_STDINT_H 1
| #define HAVE_UNISTD_H 1
| #define __EXTENSIONS__ 1
| #define _ALL_SOURCE 1
| #define _GNU_SOURCE 1
| #define _POSIX_PTHREAD_SEMANTICS 1
| #define _TANDEM_SOURCE 1
| #define ENABLE_NLS 1
| #define HAVE_GETTEXT 1
| #define HAVE_DCGETTEXT 1
| #define PKGDATADIR "/usr/local/share/nano"
| #define HAVE_GETOPT_H 1
| #define HAVE_LIBINTL_H 1
| #define HAVE_LIMITS_H 1
| #define HAVE_REGEX_H 1
| #define HAVE_SYS_PARAM_H 1
| #define HAVE_WCHAR_H 1
| #define HAVE_WCTYPE_H 1
| #define HAVE_STDARG_H 1
| #define NDEBUG 1
| #define HAVE_GETDELIM 1
| #define HAVE_GETLINE 1
| #define HAVE_ISBLANK 1
| #define HAVE_STRCASECMP 1
| #define HAVE_STRCASESTR 1
| #define HAVE_STRNCASECMP 1
| #define HAVE_STRNLEN 1
| #define HAVE_SNPRINTF 1
| #define HAVE_VSNPRINTF 1
| #define HAVE_ISWALNUM 1
| #define HAVE_ISWBLANK 1
| #define HAVE_ISWPUNCT 1
| #define HAVE_ISWSPACE 1
| #define HAVE_NL_LANGINFO 1
| #define HAVE_MBLEN 1
| #define HAVE_MBSTOWCS 1
| #define HAVE_MBTOWC 1
| #define HAVE_WCTOMB 1
| #define HAVE_WCWIDTH 1
| #define RETSIGTYPE void
| #define HAVE_VPRINTF 1
| /* end confdefs.h.  */
| /* Define _doprnt to an innocuous variant, in case <limits.h> declares _doprnt.
|    For example, HP-UX 11i <limits.h> declares gettimeofday.  */
| #define _doprnt innocuous__doprnt
| 
| /* System header to define __stub macros and hopefully few prototypes,
|     which can conflict with char _doprnt (); below.
|     Prefer <limits.h> to <assert.h> if __STDC__ is defined, since
|     <limits.h> exists even on freestanding compilers.  */
| 
| #ifdef __STDC__
| # include <limits.h>
| #else
| # include <assert.h>
| #endif
| 
| #undef _doprnt
| 
| /* Override any GCC internal prototype to avoid an error.
|    Use char because int might match the return type of a GCC
|    builtin and then its argument prototype would still apply.  */
| #ifdef __cplusplus
| extern "C"
| #endif
| char _doprnt ();
| /* The GNU C library defines this for functions which it implements
|     to always fail with ENOSYS.  Some functions are actually named
|     something starting with __ and the normal name is an alias.  */
| #if defined __stub__doprnt || defined __stub____doprnt
| choke me
| #endif
| 
| int
| main ()
| {
| return _doprnt ();
|   ;
|   return 0;
| }
configure:8401: result: no
configure:8414: checking for getopt_long
configure:8414: gcc -o conftest -g -O2 -Wall   conftest.c  >&5
configure:8414: $? = 0
configure:8414: result: yes
configure:8429: checking for NCURSESW
configure:8436: $PKG_CONFIG --exists --print-errors "ncursesw"
configure:8439: $? = 0
configure:8453: $PKG_CONFIG --exists --print-errors "ncursesw"
configure:8456: $? = 0
configure:8494: result: yes
configure:8934: result: Using ncursesw as the curses library
configure:8939: checking for use_default_colors in -lncursesw
configure:8964: gcc -o conftest -g -O2 -Wall -D_DEFAULT_SOURCE -D_XOPEN_SOURCE=600   conftest.c -lncursesw   >&5
configure:8964: $? = 0
configure:8974: result: yes
configure:9035: checking for GNU-style word boundary regex support
configure:9084: gcc -o conftest -g -O2 -Wall -D_DEFAULT_SOURCE -D_XOPEN_SOURCE=600   conftest.c  -Wl,-Bsymbolic-functions -lncursesw -ltinfo >&5
conftest.c: In function 'main':
conftest.c:76:9: warning: 'nmatch' may be used uninitialized in this function [-Wmaybe-uninitialized]
   76 |     if (regexec(&r, "word boundary", nmatch, &pmatch, 0))
      |         ^~~~~~~~~~~~~~~~~~~~~~~~~~~~~~~~~~~~~~~~~~~~~~~~
configure:9084: $? = 0
configure:9084: ./conftest
configure:9084: $? = 0
configure:9085: result: yes
configure:9103: checking whether _XOPEN_SOURCE_EXTENDED is needed
configure:9119: gcc -o conftest -g -O2 -Wall -D_DEFAULT_SOURCE -D_XOPEN_SOURCE=600   conftest.c  -Wl,-Bsymbolic-functions -lncursesw -ltinfo >&5
conftest.c: In function 'main':
conftest.c:68:9: warning: unused variable 'testcolor' [-Wunused-variable]
   68 |     int testcolor = COLOR_WHITE;
      |         ^~~~~~~~~
configure:9119: $? = 0
configure:9119: ./conftest
configure:9119: $? = 0
configure:9120: result: no
configure:9168: checking whether LINES and COLS can be redefined
configure:9185: gcc -o conftest -g -O2 -Wall -D_DEFAULT_SOURCE -D_XOPEN_SOURCE=600   conftest.c  -Wl,-Bsymbolic-functions -lncursesw -ltinfo >&5
configure:9185: $? = 0
configure:9185: ./conftest
configure:9185: $? = 0
configure:9189: result: yes
configure:9206: checking for magic.h
configure:9206: gcc -c -g -O2 -Wall -D_DEFAULT_SOURCE -D_XOPEN_SOURCE=600  conftest.c >&5
conftest.c:99:10: fatal error: magic.h: No such file or directory
   99 | #include <magic.h>
      |          ^~~~~~~~~
compilation terminated.
configure:9206: $? = 1
configure: failed program was:
| /* confdefs.h */
| #define PACKAGE_NAME "GNU nano"
| #define PACKAGE_TARNAME "nano"
| #define PACKAGE_VERSION "2.4.2"
| #define PACKAGE_STRING "GNU nano 2.4.2"
| #define PACKAGE_BUGREPORT "nano-devel@gnu.org"
| #define PACKAGE_URL "http://www.gnu.org/software/nano/"
| #define PACKAGE "nano"
| #define VERSION "2.4.2"
| #define STDC_HEADERS 1
| #define HAVE_SYS_TYPES_H 1
| #define HAVE_SYS_STAT_H 1
| #define HAVE_STDLIB_H 1
| #define HAVE_STRING_H 1
| #define HAVE_MEMORY_H 1
| #define HAVE_STRINGS_H 1
| #define HAVE_INTTYPES_H 1
| #define HAVE_STDINT_H 1
| #define HAVE_UNISTD_H 1
| #define __EXTENSIONS__ 1
| #define _ALL_SOURCE 1
| #define _GNU_SOURCE 1
| #define _POSIX_PTHREAD_SEMANTICS 1
| #define _TANDEM_SOURCE 1
| #define ENABLE_NLS 1
| #define HAVE_GETTEXT 1
| #define HAVE_DCGETTEXT 1
| #define PKGDATADIR "/usr/local/share/nano"
| #define HAVE_GETOPT_H 1
| #define HAVE_LIBINTL_H 1
| #define HAVE_LIMITS_H 1
| #define HAVE_REGEX_H 1
| #define HAVE_SYS_PARAM_H 1
| #define HAVE_WCHAR_H 1
| #define HAVE_WCTYPE_H 1
| #define HAVE_STDARG_H 1
| #define NDEBUG 1
| #define HAVE_GETDELIM 1
| #define HAVE_GETLINE 1
| #define HAVE_ISBLANK 1
| #define HAVE_STRCASECMP 1
| #define HAVE_STRCASESTR 1
| #define HAVE_STRNCASECMP 1
| #define HAVE_STRNLEN 1
| #define HAVE_SNPRINTF 1
| #define HAVE_VSNPRINTF 1
| #define HAVE_ISWALNUM 1
| #define HAVE_ISWBLANK 1
| #define HAVE_ISWPUNCT 1
| #define HAVE_ISWSPACE 1
| #define HAVE_NL_LANGINFO 1
| #define HAVE_MBLEN 1
| #define HAVE_MBSTOWCS 1
| #define HAVE_MBTOWC 1
| #define HAVE_WCTOMB 1
| #define HAVE_WCWIDTH 1
| #define RETSIGTYPE void
| #define HAVE_VPRINTF 1
| #define HAVE_GETOPT_LONG 1
| #define HAVE_USE_DEFAULT_COLORS 1
| #define ENABLE_UTF8 1
| #define GNU_WORDBOUNDS 1
| #define REDEFINING_MACROS_OK 1
| /* end confdefs.h.  */
| #include <stdio.h>
| #ifdef HAVE_SYS_TYPES_H
| # include <sys/types.h>
| #endif
| #ifdef HAVE_SYS_STAT_H
| # include <sys/stat.h>
| #endif
| #ifdef STDC_HEADERS
| # include <stdlib.h>
| # include <stddef.h>
| #else
| # ifdef HAVE_STDLIB_H
| #  include <stdlib.h>
| # endif
| #endif
| #ifdef HAVE_STRING_H
| # if !defined STDC_HEADERS && defined HAVE_MEMORY_H
| #  include <memory.h>
| # endif
| # include <string.h>
| #endif
| #ifdef HAVE_STRINGS_H
| # include <strings.h>
| #endif
| #ifdef HAVE_INTTYPES_H
| # include <inttypes.h>
| #endif
| #ifdef HAVE_STDINT_H
| # include <stdint.h>
| #endif
| #ifdef HAVE_UNISTD_H
| # include <unistd.h>
| #endif
| 
| #include <magic.h>
configure:9206: result: no
configure:9206: checking for zlib.h
configure:9206: gcc -c -g -O2 -Wall -D_DEFAULT_SOURCE -D_XOPEN_SOURCE=600  conftest.c >&5
configure:9206: $? = 0
configure:9206: result: yes
configure:9224: checking for magic_open in -lmagic
configure:9249: gcc -o conftest -g -O2 -Wall -D_DEFAULT_SOURCE -D_XOPEN_SOURCE=600   conftest.c -lmagic   -Wl,-Bsymbolic-functions -lncursesw -ltinfo >&5
/usr/bin/ld: cannot find -lmagic
collect2: error: ld returned 1 exit status
configure:9249: $? = 1
configure: failed program was:
| /* confdefs.h */
| #define PACKAGE_NAME "GNU nano"
| #define PACKAGE_TARNAME "nano"
| #define PACKAGE_VERSION "2.4.2"
| #define PACKAGE_STRING "GNU nano 2.4.2"
| #define PACKAGE_BUGREPORT "nano-devel@gnu.org"
| #define PACKAGE_URL "http://www.gnu.org/software/nano/"
| #define PACKAGE "nano"
| #define VERSION "2.4.2"
| #define STDC_HEADERS 1
| #define HAVE_SYS_TYPES_H 1
| #define HAVE_SYS_STAT_H 1
| #define HAVE_STDLIB_H 1
| #define HAVE_STRING_H 1
| #define HAVE_MEMORY_H 1
| #define HAVE_STRINGS_H 1
| #define HAVE_INTTYPES_H 1
| #define HAVE_STDINT_H 1
| #define HAVE_UNISTD_H 1
| #define __EXTENSIONS__ 1
| #define _ALL_SOURCE 1
| #define _GNU_SOURCE 1
| #define _POSIX_PTHREAD_SEMANTICS 1
| #define _TANDEM_SOURCE 1
| #define ENABLE_NLS 1
| #define HAVE_GETTEXT 1
| #define HAVE_DCGETTEXT 1
| #define PKGDATADIR "/usr/local/share/nano"
| #define HAVE_GETOPT_H 1
| #define HAVE_LIBINTL_H 1
| #define HAVE_LIMITS_H 1
| #define HAVE_REGEX_H 1
| #define HAVE_SYS_PARAM_H 1
| #define HAVE_WCHAR_H 1
| #define HAVE_WCTYPE_H 1
| #define HAVE_STDARG_H 1
| #define NDEBUG 1
| #define HAVE_GETDELIM 1
| #define HAVE_GETLINE 1
| #define HAVE_ISBLANK 1
| #define HAVE_STRCASECMP 1
| #define HAVE_STRCASESTR 1
| #define HAVE_STRNCASECMP 1
| #define HAVE_STRNLEN 1
| #define HAVE_SNPRINTF 1
| #define HAVE_VSNPRINTF 1
| #define HAVE_ISWALNUM 1
| #define HAVE_ISWBLANK 1
| #define HAVE_ISWPUNCT 1
| #define HAVE_ISWSPACE 1
| #define HAVE_NL_LANGINFO 1
| #define HAVE_MBLEN 1
| #define HAVE_MBSTOWCS 1
| #define HAVE_MBTOWC 1
| #define HAVE_WCTOMB 1
| #define HAVE_WCWIDTH 1
| #define RETSIGTYPE void
| #define HAVE_VPRINTF 1
| #define HAVE_GETOPT_LONG 1
| #define HAVE_USE_DEFAULT_COLORS 1
| #define ENABLE_UTF8 1
| #define GNU_WORDBOUNDS 1
| #define REDEFINING_MACROS_OK 1
| #define HAVE_ZLIB_H 1
| /* end confdefs.h.  */
| 
| /* Override any GCC internal prototype to avoid an error.
|    Use char because int might match the return type of a GCC
|    builtin and then its argument prototype would still apply.  */
| #ifdef __cplusplus
| extern "C"
| #endif
| char magic_open ();
| int
| main ()
| {
| return magic_open ();
|   ;
|   return 0;
| }
configure:9258: result: no
configure:9270: checking for inflate in -lz
configure:9295: gcc -o conftest -g -O2 -Wall -D_DEFAULT_SOURCE -D_XOPEN_SOURCE=600   conftest.c -lz   -Wl,-Bsymbolic-functions -lncursesw -ltinfo >&5
configure:9295: $? = 0
configure:9304: result: yes
configure:9319: checking for HTML support in groff
configure:9323: result: no
configure:9326: WARNING: *** Will not generate HTML version of man pages  ***
*** Consider installing a newer version of groff with HTML support ***
configure:9347: checking for makeinfo
configure:9375: result: no
configure:9497: checking that generated files are newer than configure
configure:9503: result: done
configure:9550: creating ./config.status

## ---------------------- ##
## Running config.status. ##
## ---------------------- ##

This file was extended by GNU nano config.status 2.4.2, which was
generated by GNU Autoconf 2.69.  Invocation command line was

  CONFIG_FILES    = 
  CONFIG_HEADERS  = 
  CONFIG_LINKS    = 
  CONFIG_COMMANDS = 
  $ ./config.status 

on 01a2f8a29ebc

config.status:961: creating Makefile
config.status:961: creating doc/Makefile
config.status:961: creating doc/nanorc.sample
config.status:961: creating doc/man/Makefile
config.status:961: creating doc/man/fr/Makefile
config.status:961: creating doc/syntax/Makefile
config.status:961: creating doc/texinfo/Makefile
config.status:961: creating m4/Makefile
config.status:961: creating po/Makefile.in
config.status:1069: WARNING:  'po/Makefile.in.in' seems to ignore the --datarootdir setting
config.status:961: creating src/Makefile
config.status:961: creating nano.spec
config.status:961: creating config.h
config.status:1190: executing depfiles commands
config.status:1190: executing default-1 commands

## ---------------- ##
## Cache variables. ##
## ---------------- ##

ac_cv_build=x86_64-unknown-linux-gnu
ac_cv_c_compiler_gnu=yes
ac_cv_env_CC_set=
ac_cv_env_CC_value=
ac_cv_env_CFLAGS_set=
ac_cv_env_CFLAGS_value=
ac_cv_env_CPPFLAGS_set=
ac_cv_env_CPPFLAGS_value=
ac_cv_env_CPP_set=
ac_cv_env_CPP_value=
ac_cv_env_LDFLAGS_set=
ac_cv_env_LDFLAGS_value=
ac_cv_env_LIBS_set=
ac_cv_env_LIBS_value=
ac_cv_env_NCURSESW_CFLAGS_set=
ac_cv_env_NCURSESW_CFLAGS_value=
ac_cv_env_NCURSESW_LIBS_set=
ac_cv_env_NCURSESW_LIBS_value=
ac_cv_env_NCURSES_CFLAGS_set=
ac_cv_env_NCURSES_CFLAGS_value=
ac_cv_env_NCURSES_LIBS_set=
ac_cv_env_NCURSES_LIBS_value=
ac_cv_env_PKG_CONFIG_LIBDIR_set=
ac_cv_env_PKG_CONFIG_LIBDIR_value=
ac_cv_env_PKG_CONFIG_PATH_set=
ac_cv_env_PKG_CONFIG_PATH_value=
ac_cv_env_PKG_CONFIG_set=
ac_cv_env_PKG_CONFIG_value=
ac_cv_env_build_alias_set=
ac_cv_env_build_alias_value=
ac_cv_env_host_alias_set=
ac_cv_env_host_alias_value=
ac_cv_env_target_alias_set=
ac_cv_env_target_alias_value=
ac_cv_func__doprnt=no
ac_cv_func_getdelim=yes
ac_cv_func_getline=yes
ac_cv_func_getopt_long=yes
ac_cv_func_isblank=yes
ac_cv_func_iswalnum=yes
ac_cv_func_iswblank=yes
ac_cv_func_iswpunct=yes
ac_cv_func_iswspace=yes
ac_cv_func_mblen=yes
ac_cv_func_mbstowcs=yes
ac_cv_func_mbtowc=yes
ac_cv_func_nl_langinfo=yes
ac_cv_func_snprintf=yes
ac_cv_func_strcasecmp=yes
ac_cv_func_strcasestr=yes
ac_cv_func_strncasecmp=yes
ac_cv_func_strnlen=yes
ac_cv_func_vprintf=yes
ac_cv_func_vsnprintf=yes
ac_cv_func_wctomb=yes
ac_cv_func_wcwidth=yes
ac_cv_header_getopt_h=yes
ac_cv_header_inttypes_h=yes
ac_cv_header_libintl_h=yes
ac_cv_header_limits_h=yes
ac_cv_header_magic_h=no
ac_cv_header_memory_h=yes
ac_cv_header_minix_config_h=no
ac_cv_header_regex_h=yes
ac_cv_header_stdarg_h=yes
ac_cv_header_stdc=yes
ac_cv_header_stdint_h=yes
ac_cv_header_stdlib_h=yes
ac_cv_header_string_h=yes
ac_cv_header_strings_h=yes
ac_cv_header_sys_param_h=yes
ac_cv_header_sys_stat_h=yes
ac_cv_header_sys_types_h=yes
ac_cv_header_unistd_h=yes
ac_cv_header_wchar_h=yes
ac_cv_header_wctype_h=yes
ac_cv_header_zlib_h=yes
ac_cv_host=x86_64-unknown-linux-gnu
ac_cv_lib_cposix_strerror=no
ac_cv_lib_magic_magic_open=no
ac_cv_lib_ncursesw___use_default_colors=yes
ac_cv_lib_z_inflate=yes
ac_cv_objext=o
ac_cv_path_EGREP='/usr/bin/grep -E'
ac_cv_path_GMSGFMT=:
ac_cv_path_GREP=/usr/bin/grep
ac_cv_path_MSGFMT=:
ac_cv_path_MSGMERGE=:
ac_cv_path_XGETTEXT=:
ac_cv_path_ac_pt_PKG_CONFIG=/usr/bin/pkg-config
ac_cv_path_install='/usr/bin/install -c'
ac_cv_path_mkdir=/usr/bin/mkdir
ac_cv_prog_AWK=mawk
ac_cv_prog_CPP='gcc -E'
ac_cv_prog_ac_ct_CC=gcc
ac_cv_prog_cc_c89=
ac_cv_prog_cc_g=yes
ac_cv_prog_haveit=no
ac_cv_prog_make_make_set=yes
ac_cv_safe_to_define___extensions__=yes
ac_cv_sys_file_offset_bits=no
ac_cv_sys_largefile_CC=no
ac_cv_type_signal=void
acl_cv_hardcode_direct=no
acl_cv_hardcode_libdir_flag_spec='${wl}-rpath ${wl}$libdir'
acl_cv_hardcode_libdir_separator=
acl_cv_hardcode_minus_L=no
acl_cv_libext=a
acl_cv_path_LD=/usr/bin/ld
acl_cv_prog_gnu_ld=yes
acl_cv_rpath=done
acl_cv_shlibext=so
acl_cv_sys_lib_dlsearch_path_spec='/lib /usr/lib'
acl_cv_sys_lib_search_path_spec='/lib /usr/lib /usr/local/lib'
acl_cv_wl=-Wl,
am_cv_CC_dependencies_compiler_type=gcc3
am_cv_make_support_nested_variables=yes
am_cv_prog_cc_c_o=yes
ax_cv_check_cflags___Wall=yes
gt_cv_func_gnugettext2_libc=yes
pkg_cv_NCURSESW_CFLAGS='-D_DEFAULT_SOURCE -D_XOPEN_SOURCE=600'
pkg_cv_NCURSESW_LIBS='-Wl,-Bsymbolic-functions -lncursesw -ltinfo'

## ----------------- ##
## Output variables. ##
## ----------------- ##

ACLOCAL='${SHELL} /alx-zero_day/nano-2.4.2/missing aclocal-1.14'
AMDEPBACKSLASH='\'
AMDEP_FALSE='#'
AMDEP_TRUE=''
AMTAR='$${TAR-tar}'
AM_BACKSLASH='\'
AM_DEFAULT_V='$(AM_DEFAULT_VERBOSITY)'
AM_DEFAULT_VERBOSITY='1'
AM_V='$(V)'
AUTOCONF='${SHELL} /alx-zero_day/nano-2.4.2/missing autoconf'
AUTOHEADER='${SHELL} /alx-zero_day/nano-2.4.2/missing autoheader'
AUTOMAKE='${SHELL} /alx-zero_day/nano-2.4.2/missing automake-1.14'
AWK='mawk'
CC='gcc'
CCDEPMODE='depmode=gcc3'
CFLAGS='-g -O2 -Wall'
CPP='gcc -E'
CPPFLAGS='-D_DEFAULT_SOURCE -D_XOPEN_SOURCE=600 '
CURSES_LIB='-Wl,-Bsymbolic-functions -lncursesw -ltinfo'
CYGPATH_W='echo'
DEFS='-DHAVE_CONFIG_H'
DEPDIR='.deps'
ECHO_C=''
ECHO_N='-n'
ECHO_T=''
EGREP='/usr/bin/grep -E'
EXEEXT=''
GLIB_CFLAGS=''
GLIB_GENMARSHAL=''
GLIB_LIBS=''
GLIB_MKENUMS=''
GMSGFMT=':'
GOBJECT_QUERY=''
GREP='/usr/bin/grep'
GROFF_HTML_FALSE=''
GROFF_HTML_TRUE='#'
HAVE_MAKEINFO_FALSE=''
HAVE_MAKEINFO_TRUE='#'
INSTALL_DATA='${INSTALL} -m 644'
INSTALL_PROGRAM='${INSTALL}'
INSTALL_SCRIPT='${INSTALL}'
INSTALL_STRIP_PROGRAM='$(install_sh) -c -s'
INTLLIBS=''
LDFLAGS=''
LIBICONV='-liconv'
LIBINTL=''
LIBOBJS=''
LIBS='-lz  -Wl,-Bsymbolic-functions -lncursesw -ltinfo'
LN_S='ln -s'
LTLIBICONV='-liconv'
LTLIBINTL=''
LTLIBOBJS=''
MAKEINFO='${SHELL} /alx-zero_day/nano-2.4.2/missing makeinfo'
MKDIR_P='/usr/bin/mkdir -p'
MKINSTALLDIRS='./mkinstalldirs'
MSGFMT=':'
MSGMERGE=':'
NCURSESW_CFLAGS='-D_DEFAULT_SOURCE -D_XOPEN_SOURCE=600'
NCURSESW_CONFIG=''
NCURSESW_LIBS='-Wl,-Bsymbolic-functions -lncursesw -ltinfo'
NCURSES_CFLAGS=''
NCURSES_LIBS=''
OBJEXT='o'
PACKAGE='nano'
PACKAGE_BUGREPORT='nano-devel@gnu.org'
PACKAGE_NAME='GNU nano'
PACKAGE_STRING='GNU nano 2.4.2'
PACKAGE_TARNAME='nano'
PACKAGE_URL='http://www.gnu.org/software/nano/'
PACKAGE_VERSION='2.4.2'
PATH_SEPARATOR=':'
PKGDATADIR='/usr/local/share/nano'
PKG_CONFIG='/usr/bin/pkg-config'
PKG_CONFIG_LIBDIR=''
PKG_CONFIG_PATH=''
POSUB='po'
SET_MAKE=''
SHELL='/bin/bash'
STRIP=''
USE_COLOR_FALSE='#'
USE_COLOR_TRUE=''
USE_NANORC_FALSE='#'
USE_NANORC_TRUE=''
USE_NLS='yes'
USE_NLS_FALSE='#'
USE_NLS_TRUE=''
VERSION='2.4.2'
XGETTEXT=':'
ac_ct_CC='gcc'
am__EXEEXT_FALSE=''
am__EXEEXT_TRUE='#'
am__fastdepCC_FALSE='#'
am__fastdepCC_TRUE=''
am__include='include'
am__isrc=''
am__leading_dot='.'
am__nodep='_no'
am__quote=''
am__tar='$${TAR-tar} chof - "$$tardir"'
am__untar='$${TAR-tar} xf -'
bindir='${exec_prefix}/bin'
build='x86_64-unknown-linux-gnu'
build_alias=''
build_cpu='x86_64'
build_os='linux-gnu'
build_vendor='unknown'
datadir='${datarootdir}'
datarootdir='${prefix}/share'
docdir='${datarootdir}/doc/${PACKAGE_TARNAME}'
dvidir='${docdir}'
exec_prefix='${prefix}'
haveit='no'
host='x86_64-unknown-linux-gnu'
host_alias=''
host_cpu='x86_64'
host_os='linux-gnu'
host_vendor='unknown'
htmldir='${docdir}'
includedir='${prefix}/include'
infodir='${datarootdir}/info'
install_sh='${SHELL} /alx-zero_day/nano-2.4.2/install-sh'
libdir='${exec_prefix}/lib'
libexecdir='${exec_prefix}/libexec'
localedir='${datarootdir}/locale'
localstatedir='${prefix}/var'
mandir='${datarootdir}/man'
mkdir_p='$(MKDIR_P)'
oldincludedir='/usr/include'
pdfdir='${docdir}'
prefix='/usr/local'
program_transform_name='s,x,x,'
psdir='${docdir}'
sbindir='${exec_prefix}/sbin'
sharedstatedir='${prefix}/com'
sysconfdir='${prefix}/etc'
target_alias=''

## ----------- ##
## confdefs.h. ##
## ----------- ##

/* confdefs.h */
#define PACKAGE_NAME "GNU nano"
#define PACKAGE_TARNAME "nano"
#define PACKAGE_VERSION "2.4.2"
#define PACKAGE_STRING "GNU nano 2.4.2"
#define PACKAGE_BUGREPORT "nano-devel@gnu.org"
#define PACKAGE_URL "http://www.gnu.org/software/nano/"
#define PACKAGE "nano"
#define VERSION "2.4.2"
#define STDC_HEADERS 1
#define HAVE_SYS_TYPES_H 1
#define HAVE_SYS_STAT_H 1
#define HAVE_STDLIB_H 1
#define HAVE_STRING_H 1
#define HAVE_MEMORY_H 1
#define HAVE_STRINGS_H 1
#define HAVE_INTTYPES_H 1
#define HAVE_STDINT_H 1
#define HAVE_UNISTD_H 1
#define __EXTENSIONS__ 1
#define _ALL_SOURCE 1
#define _GNU_SOURCE 1
#define _POSIX_PTHREAD_SEMANTICS 1
#define _TANDEM_SOURCE 1
#define ENABLE_NLS 1
#define HAVE_GETTEXT 1
#define HAVE_DCGETTEXT 1
#define PKGDATADIR "/usr/local/share/nano"
#define HAVE_GETOPT_H 1
#define HAVE_LIBINTL_H 1
#define HAVE_LIMITS_H 1
#define HAVE_REGEX_H 1
#define HAVE_SYS_PARAM_H 1
#define HAVE_WCHAR_H 1
#define HAVE_WCTYPE_H 1
#define HAVE_STDARG_H 1
#define NDEBUG 1
#define HAVE_GETDELIM 1
#define HAVE_GETLINE 1
#define HAVE_ISBLANK 1
#define HAVE_STRCASECMP 1
#define HAVE_STRCASESTR 1
#define HAVE_STRNCASECMP 1
#define HAVE_STRNLEN 1
#define HAVE_SNPRINTF 1
#define HAVE_VSNPRINTF 1
#define HAVE_ISWALNUM 1
#define HAVE_ISWBLANK 1
#define HAVE_ISWPUNCT 1
#define HAVE_ISWSPACE 1
#define HAVE_NL_LANGINFO 1
#define HAVE_MBLEN 1
#define HAVE_MBSTOWCS 1
#define HAVE_MBTOWC 1
#define HAVE_WCTOMB 1
#define HAVE_WCWIDTH 1
#define RETSIGTYPE void
#define HAVE_VPRINTF 1
#define HAVE_GETOPT_LONG 1
#define HAVE_USE_DEFAULT_COLORS 1
#define ENABLE_UTF8 1
#define GNU_WORDBOUNDS 1
#define REDEFINING_MACROS_OK 1
#define HAVE_ZLIB_H 1
#define HAVE_LIBZ 1

configure: exit 0
